# JRE version: Java(TM) SE Runtime Environment (8.0_31-b13) (build 1.8.0_31-b13)
# Java VM: Java HotSpot(TM) 64-Bit Server VM (25.31-b07 mixed mode windows-amd64 compressed oops)
Heap:
 PSYoungGen      total 284160K, used 41448K [0x00000000e0000000, 0x00000000f5900000, 0x0000000100000000)
  eden space 224256K, 0% used [0x00000000e0000000,0x00000000e0000000,0x00000000edb00000)
  from space 59904K, 69% used [0x00000000f1880000,0x00000000f40fa098,0x00000000f5300000)
  to   space 62976K, 0% used [0x00000000edb00000,0x00000000edb00000,0x00000000f1880000)
 ParOldGen       total 104448K, used 76607K [0x00000000a0000000, 0x00000000a6600000, 0x00000000e0000000)
  object space 104448K, 73% used [0x00000000a0000000,0x00000000a4acff50,0x00000000a6600000)
 Metaspace       used 85155K, capacity 90390K, committed 91352K, reserved 1128448K
  class space    used 10982K, capacity 12084K, committed 12288K, reserved 1048576K
GC Heap History (10 events):
Event: 12791.532 GC heap after
Heap after GC invocations=35 (full 5):
 PSYoungGen      total 215552K, used 24059K [0x00000000e0000000, 0x00000000f3300000, 0x0000000100000000)
  eden space 191488K, 0% used [0x00000000e0000000,0x00000000e0000000,0x00000000ebb00000)
  from space 24064K, 99% used [0x00000000ee600000,0x00000000efd7ee80,0x00000000efd80000)
  to   space 44032K, 0% used [0x00000000ebb00000,0x00000000ebb00000,0x00000000ee600000)
 ParOldGen       total 104448K, used 76599K [0x00000000a0000000, 0x00000000a6600000, 0x00000000e0000000)
  object space 104448K, 73% used [0x00000000a0000000,0x00000000a4acdf50,0x00000000a6600000)
 Metaspace       used 84762K, capacity 89830K, committed 91096K, reserved 1128448K
  class space    used 10948K, capacity 12002K, committed 12288K, reserved 1048576K
}
Event: 12792.817 GC heap before
{Heap before GC invocations=36 (full 5):
 PSYoungGen      total 215552K, used 215547K [0x00000000e0000000, 0x00000000f3300000, 0x0000000100000000)
  eden space 191488K, 100% used [0x00000000e0000000,0x00000000ebb00000,0x00000000ebb00000)
  from space 24064K, 99% used [0x00000000ee600000,0x00000000efd7ee80,0x00000000efd80000)
  to   space 44032K, 0% used [0x00000000ebb00000,0x00000000ebb00000,0x00000000ee600000)
 ParOldGen       total 104448K, used 76599K [0x00000000a0000000, 0x00000000a6600000, 0x00000000e0000000)
  object space 104448K, 73% used [0x00000000a0000000,0x00000000a4acdf50,0x00000000a6600000)
 Metaspace       used 84770K, capacity 89830K, committed 91096K, reserved 1128448K
  class space    used 10948K, capacity 12002K, committed 12288K, reserved 1048576K
Event: 12792.849 GC heap after
Heap after GC invocations=36 (full 5):
 PSYoungGen      total 235520K, used 38696K [0x00000000e0000000, 0x00000000f3200000, 0x0000000100000000)
  eden space 191488K, 0% used [0x00000000e0000000,0x00000000e0000000,0x00000000ebb00000)
  from space 44032K, 87% used [0x00000000ebb00000,0x00000000ee0ca0c8,0x00000000ee600000)
  to   space 49664K, 0% used [0x00000000f0180000,0x00000000f0180000,0x00000000f3200000)
 ParOldGen       total 104448K, used 76599K [0x00000000a0000000, 0x00000000a6600000, 0x00000000e0000000)
  object space 104448K, 73% used [0x00000000a0000000,0x00000000a4acdf50,0x00000000a6600000)
 Metaspace       used 84770K, capacity 89830K, committed 91096K, reserved 1128448K
  class space    used 10948K, capacity 12002K, committed 12288K, reserved 1048576K
}
Event: 12796.430 GC heap before
{Heap before GC invocations=37 (full 5):
 PSYoungGen      total 235520K, used 230093K [0x00000000e0000000, 0x00000000f3200000, 0x0000000100000000)
  eden space 191488K, 99% used [0x00000000e0000000,0x00000000ebae9550,0x00000000ebb00000)
  from space 44032K, 87% used [0x00000000ebb00000,0x00000000ee0ca0c8,0x00000000ee600000)
  to   space 49664K, 0% used [0x00000000f0180000,0x00000000f0180000,0x00000000f3200000)
 ParOldGen       total 104448K, used 76599K [0x00000000a0000000, 0x00000000a6600000, 0x00000000e0000000)
  object space 104448K, 73% used [0x00000000a0000000,0x00000000a4acdf50,0x00000000a6600000)
 Metaspace       used 84843K, capacity 89940K, committed 91352K, reserved 1128448K
  class space    used 10953K, capacity 12011K, committed 12288K, reserved 1048576K
Event: 12796.469 GC heap after
Heap after GC invocations=37 (full 5):
 PSYoungGen      total 257536K, used 43246K [0x00000000e0000000, 0x00000000f3d00000, 0x0000000100000000)
  eden space 207872K, 0% used [0x00000000e0000000,0x00000000e0000000,0x00000000ecb00000)
  from space 49664K, 87% used [0x00000000f0180000,0x00000000f2bbbab8,0x00000000f3200000)
  to   space 55808K, 0% used [0x00000000ecb00000,0x00000000ecb00000,0x00000000f0180000)
 ParOldGen       total 104448K, used 76599K [0x00000000a0000000, 0x00000000a6600000, 0x00000000e0000000)
  object space 104448K, 73% used [0x00000000a0000000,0x00000000a4acdf50,0x00000000a6600000)
 Metaspace       used 84843K, capacity 89940K, committed 91352K, reserved 1128448K
  class space    used 10953K, capacity 12011K, committed 12288K, reserved 1048576K
}
Event: 12905.732 GC heap before
{Heap before GC invocations=38 (full 5):
 PSYoungGen      total 257536K, used 251118K [0x00000000e0000000, 0x00000000f3d00000, 0x0000000100000000)
  eden space 207872K, 100% used [0x00000000e0000000,0x00000000ecb00000,0x00000000ecb00000)
  from space 49664K, 87% used [0x00000000f0180000,0x00000000f2bbbab8,0x00000000f3200000)
  to   space 55808K, 0% used [0x00000000ecb00000,0x00000000ecb00000,0x00000000f0180000)
 ParOldGen       total 104448K, used 76599K [0x00000000a0000000, 0x00000000a6600000, 0x00000000e0000000)
  object space 104448K, 73% used [0x00000000a0000000,0x00000000a4acdf50,0x00000000a6600000)
 Metaspace       used 85051K, capacity 90260K, committed 91352K, reserved 1128448K
  class space    used 10976K, capacity 12073K, committed 12288K, reserved 1048576K
Event: 12905.825 GC heap after
Heap after GC invocations=38 (full 5):
 PSYoungGen      total 263680K, used 40370K [0x00000000e0000000, 0x00000000f5300000, 0x0000000100000000)
  eden space 207872K, 0% used [0x00000000e0000000,0x00000000e0000000,0x00000000ecb00000)
  from space 55808K, 72% used [0x00000000ecb00000,0x00000000ef26c980,0x00000000f0180000)
  to   space 59904K, 0% used [0x00000000f1880000,0x00000000f1880000,0x00000000f5300000)
 ParOldGen       total 104448K, used 76607K [0x00000000a0000000, 0x00000000a6600000, 0x00000000e0000000)
  object space 104448K, 73% used [0x00000000a0000000,0x00000000a4acff50,0x00000000a6600000)
 Metaspace       used 85051K, capacity 90260K, committed 91352K, reserved 1128448K
  class space    used 10976K, capacity 12073K, committed 12288K, reserved 1048576K
}
Event: 12907.937 GC heap before
{Heap before GC invocations=39 (full 5):
 PSYoungGen      total 263680K, used 60110K [0x00000000e0000000, 0x00000000f5300000, 0x0000000100000000)
  eden space 207872K, 9% used [0x00000000e0000000,0x00000000e1346fc0,0x00000000ecb00000)
  from space 55808K, 72% used [0x00000000ecb00000,0x00000000ef26c980,0x00000000f0180000)
  to   space 59904K, 0% used [0x00000000f1880000,0x00000000f1880000,0x00000000f5300000)
 ParOldGen       total 104448K, used 76607K [0x00000000a0000000, 0x00000000a6600000, 0x00000000e0000000)
  object space 104448K, 73% used [0x00000000a0000000,0x00000000a4acff50,0x00000000a6600000)
 Metaspace       used 85155K, capacity 90390K, committed 91352K, reserved 1128448K
  class space    used 10982K, capacity 12084K, committed 12288K, reserved 1048576K
Event: 12907.988 GC heap after
Heap after GC invocations=39 (full 5):
 PSYoungGen      total 284160K, used 41448K [0x00000000e0000000, 0x00000000f5900000, 0x0000000100000000)
  eden space 224256K, 0% used [0x00000000e0000000,0x00000000e0000000,0x00000000edb00000)
  from space 59904K, 69% used [0x00000000f1880000,0x00000000f40fa098,0x00000000f5300000)
  to   space 62976K, 0% used [0x00000000edb00000,0x00000000edb00000,0x00000000f1880000)
 ParOldGen       total 104448K, used 76607K [0x00000000a0000000, 0x00000000a6600000, 0x00000000e0000000)
  object space 104448K, 73% used [0x00000000a0000000,0x00000000a4acff50,0x00000000a6600000)
 Metaspace       used 85155K, capacity 90390K, committed 91352K, reserved 1128448K
  class space    used 10982K, capacity 12084K, committed 12288K, reserved 1048576K
}
Event: 12907.988 GC heap before
{Heap before GC invocations=40 (full 6):
 PSYoungGen      total 284160K, used 41448K [0x00000000e0000000, 0x00000000f5900000, 0x0000000100000000)
  eden space 224256K, 0% used [0x00000000e0000000,0x00000000e0000000,0x00000000edb00000)
  from space 59904K, 69% used [0x00000000f1880000,0x00000000f40fa098,0x00000000f5300000)
  to   space 62976K, 0% used [0x00000000edb00000,0x00000000edb00000,0x00000000f1880000)
 ParOldGen       total 104448K, used 76607K [0x00000000a0000000, 0x00000000a6600000, 0x00000000e0000000)
  object space 104448K, 73% used [0x00000000a0000000,0x00000000a4acff50,0x00000000a6600000)
 Metaspace       used 85155K, capacity 90390K, committed 91352K, reserved 1128448K
  class space    used 10982K, capacity 12084K, committed 12288K, reserved 1048576K

